The system is: Darwin - 17.7.0 - x86_64
Compiling the C compiler identification source file "CMakeCCompilerId.c" succeeded.
Compiler: /Library/Developer/CommandLineTools/usr/bin/gcc 
Build flags: 
Id flags:  

The output was:
0


Compilation of the C compiler identification source "CMakeCCompilerId.c" produced "a.out"

The C compiler identification is AppleClang, found in "/Users/anaruhudson/CLionProjects/EtC-1/build/CMakeFiles/3.14.4/CompilerIdC/a.out"

Determining if the C compiler works passed with the following output:
Change Dir: /Users/anaruhudson/CLionProjects/EtC-1/build/CMakeFiles/CMakeTmp

Run Build Command(s):/usr/bin/make cmTC_4d9d7/fast 
/Library/Developer/CommandLineTools/usr/bin/make -f CMakeFiles/cmTC_4d9d7.dir/build.make CMakeFiles/cmTC_4d9d7.dir/build
Building C object CMakeFiles/cmTC_4d9d7.dir/testCCompiler.c.o
/Library/Developer/CommandLineTools/usr/bin/gcc    -o CMakeFiles/cmTC_4d9d7.dir/testCCompiler.c.o   -c /Users/anaruhudson/CLionProjects/EtC-1/build/CMakeFiles/CMakeTmp/testCCompiler.c
Linking C executable cmTC_4d9d7
/usr/local/Cellar/cmake/3.14.4/bin/cmake -E cmake_link_script CMakeFiles/cmTC_4d9d7.dir/link.txt --verbose=1
/Library/Developer/CommandLineTools/usr/bin/gcc   -Wl,-search_paths_first -Wl,-headerpad_max_install_names   CMakeFiles/cmTC_4d9d7.dir/testCCompiler.c.o  -o cmTC_4d9d7 


Detecting C compiler ABI info compiled with the following output:
Change Dir: /Users/anaruhudson/CLionProjects/EtC-1/build/CMakeFiles/CMakeTmp

Run Build Command(s):/usr/bin/make cmTC_f070e/fast 
/Library/Developer/CommandLineTools/usr/bin/make -f CMakeFiles/cmTC_f070e.dir/build.make CMakeFiles/cmTC_f070e.dir/build
Building C object CMakeFiles/cmTC_f070e.dir/CMakeCCompilerABI.c.o
/Library/Developer/CommandLineTools/usr/bin/gcc   -v -Wl,-v -o CMakeFiles/cmTC_f070e.dir/CMakeCCompilerABI.c.o   -c /usr/local/Cellar/cmake/3.14.4/share/cmake/Modules/CMakeCCompilerABI.c
Apple LLVM version 10.0.0 (clang-1000.10.44.4)
Target: x86_64-apple-darwin17.7.0
Thread model: posix
InstalledDir: /Library/Developer/CommandLineTools/usr/bin
clang: warning: -Wl,-v: 'linker' input unused [-Wunused-command-line-argument]
 "/Library/Developer/CommandLineTools/usr/bin/clang" -cc1 -triple x86_64-apple-macosx10.13.0 -Wdeprecated-objc-isa-usage -Werror=deprecated-objc-isa-usage -emit-obj -mrelax-all -disable-free -disable-llvm-verifier -discard-value-names -main-file-name CMakeCCompilerABI.c -mrelocation-model pic -pic-level 2 -mthread-model posix -mdisable-fp-elim -fno-strict-return -masm-verbose -munwind-tables -target-cpu penryn -dwarf-column-info -debugger-tuning=lldb -target-linker-version 409.12 -v -coverage-notes-file /Users/anaruhudson/CLionProjects/EtC-1/build/CMakeFiles/CMakeTmp/CMakeFiles/cmTC_f070e.dir/CMakeCCompilerABI.c.gcno -resource-dir /Library/Developer/CommandLineTools/usr/lib/clang/10.0.0 -fdebug-compilation-dir /Users/anaruhudson/CLionProjects/EtC-1/build/CMakeFiles/CMakeTmp -ferror-limit 19 -fmessage-length 0 -stack-protector 1 -fblocks -fencode-extended-block-signature -fobjc-runtime=macosx-10.13.0 -fmax-type-align=16 -fdiagnostics-show-option -o CMakeFiles/cmTC_f070e.dir/CMakeCCompilerABI.c.o -x c /usr/local/Cellar/cmake/3.14.4/share/cmake/Modules/CMakeCCompilerABI.c
clang -cc1 version 10.0.0 (clang-1000.10.44.4) default target x86_64-apple-darwin17.7.0
#include "..." search starts here:
#include <...> search starts here:
 /usr/local/include
 /Library/Developer/CommandLineTools/usr/lib/clang/10.0.0/include
 /Library/Developer/CommandLineTools/usr/include
 /usr/include
 /System/Library/Frameworks (framework directory)
 /Library/Frameworks (framework directory)
End of search list.
Linking C executable cmTC_f070e
/usr/local/Cellar/cmake/3.14.4/bin/cmake -E cmake_link_script CMakeFiles/cmTC_f070e.dir/link.txt --verbose=1
/Library/Developer/CommandLineTools/usr/bin/gcc   -Wl,-search_paths_first -Wl,-headerpad_max_install_names  -v -Wl,-v CMakeFiles/cmTC_f070e.dir/CMakeCCompilerABI.c.o  -o cmTC_f070e 
Apple LLVM version 10.0.0 (clang-1000.10.44.4)
Target: x86_64-apple-darwin17.7.0
Thread model: posix
InstalledDir: /Library/Developer/CommandLineTools/usr/bin
 "/Library/Developer/CommandLineTools/usr/bin/ld" -demangle -lto_library /Library/Developer/CommandLineTools/usr/lib/libLTO.dylib -dynamic -arch x86_64 -macosx_version_min 10.13.0 -o cmTC_f070e -search_paths_first -headerpad_max_install_names -v CMakeFiles/cmTC_f070e.dir/CMakeCCompilerABI.c.o -lSystem /Library/Developer/CommandLineTools/usr/lib/clang/10.0.0/lib/darwin/libclang_rt.osx.a
@(#)PROGRAM:ld  PROJECT:ld64-409.12
BUILD 17:47:51 Sep 25 2018
configured to support archs: armv6 armv7 armv7s arm64 i386 x86_64 x86_64h armv6m armv7k armv7m armv7em
Library search paths:
	/usr/lib
	/usr/local/lib
Framework search paths:
	/Library/Frameworks/
	/System/Library/Frameworks/


Parsed C implicit include dir info from above output: rv=done
  found start of include info
  found start of implicit include info
    add: [/usr/local/include]
    add: [/Library/Developer/CommandLineTools/usr/lib/clang/10.0.0/include]
    add: [/Library/Developer/CommandLineTools/usr/include]
    add: [/usr/include]
  end of search list found
  collapse include dir [/usr/local/include] ==> [/usr/local/include]
  collapse include dir [/Library/Developer/CommandLineTools/usr/lib/clang/10.0.0/include] ==> [/Library/Developer/CommandLineTools/usr/lib/clang/10.0.0/include]
  collapse include dir [/Library/Developer/CommandLineTools/usr/include] ==> [/Library/Developer/CommandLineTools/usr/include]
  collapse include dir [/usr/include] ==> [/usr/include]
  implicit include dirs: [/usr/local/include;/Library/Developer/CommandLineTools/usr/lib/clang/10.0.0/include;/Library/Developer/CommandLineTools/usr/include;/usr/include]


Parsed C implicit link information from above output:
  link line regex: [^( *|.*[/\])(ld|CMAKE_LINK_STARTFILE-NOTFOUND|([^/\]+-)?ld|collect2)[^/\]*( |$)]
  ignore line: [Change Dir: /Users/anaruhudson/CLionProjects/EtC-1/build/CMakeFiles/CMakeTmp]
  ignore line: []
  ignore line: [Run Build Command(s):/usr/bin/make cmTC_f070e/fast ]
  ignore line: [/Library/Developer/CommandLineTools/usr/bin/make -f CMakeFiles/cmTC_f070e.dir/build.make CMakeFiles/cmTC_f070e.dir/build]
  ignore line: [Building C object CMakeFiles/cmTC_f070e.dir/CMakeCCompilerABI.c.o]
  ignore line: [/Library/Developer/CommandLineTools/usr/bin/gcc   -v -Wl,-v -o CMakeFiles/cmTC_f070e.dir/CMakeCCompilerABI.c.o   -c /usr/local/Cellar/cmake/3.14.4/share/cmake/Modules/CMakeCCompilerABI.c]
  ignore line: [Apple LLVM version 10.0.0 (clang-1000.10.44.4)]
  ignore line: [Target: x86_64-apple-darwin17.7.0]
  ignore line: [Thread model: posix]
  ignore line: [InstalledDir: /Library/Developer/CommandLineTools/usr/bin]
  ignore line: [clang: warning: -Wl,-v: 'linker' input unused [-Wunused-command-line-argument]]
  ignore line: [ "/Library/Developer/CommandLineTools/usr/bin/clang" -cc1 -triple x86_64-apple-macosx10.13.0 -Wdeprecated-objc-isa-usage -Werror=deprecated-objc-isa-usage -emit-obj -mrelax-all -disable-free -disable-llvm-verifier -discard-value-names -main-file-name CMakeCCompilerABI.c -mrelocation-model pic -pic-level 2 -mthread-model posix -mdisable-fp-elim -fno-strict-return -masm-verbose -munwind-tables -target-cpu penryn -dwarf-column-info -debugger-tuning=lldb -target-linker-version 409.12 -v -coverage-notes-file /Users/anaruhudson/CLionProjects/EtC-1/build/CMakeFiles/CMakeTmp/CMakeFiles/cmTC_f070e.dir/CMakeCCompilerABI.c.gcno -resource-dir /Library/Developer/CommandLineTools/usr/lib/clang/10.0.0 -fdebug-compilation-dir /Users/anaruhudson/CLionProjects/EtC-1/build/CMakeFiles/CMakeTmp -ferror-limit 19 -fmessage-length 0 -stack-protector 1 -fblocks -fencode-extended-block-signature -fobjc-runtime=macosx-10.13.0 -fmax-type-align=16 -fdiagnostics-show-option -o CMakeFiles/cmTC_f070e.dir/CMakeCCompilerABI.c.o -x c /usr/local/Cellar/cmake/3.14.4/share/cmake/Modules/CMakeCCompilerABI.c]
  ignore line: [clang -cc1 version 10.0.0 (clang-1000.10.44.4) default target x86_64-apple-darwin17.7.0]
  ignore line: [#include "..." search starts here:]
  ignore line: [#include <...> search starts here:]
  ignore line: [ /usr/local/include]
  ignore line: [ /Library/Developer/CommandLineTools/usr/lib/clang/10.0.0/include]
  ignore line: [ /Library/Developer/CommandLineTools/usr/include]
  ignore line: [ /usr/include]
  ignore line: [ /System/Library/Frameworks (framework directory)]
  ignore line: [ /Library/Frameworks (framework directory)]
  ignore line: [End of search list.]
  ignore line: [Linking C executable cmTC_f070e]
  ignore line: [/usr/local/Cellar/cmake/3.14.4/bin/cmake -E cmake_link_script CMakeFiles/cmTC_f070e.dir/link.txt --verbose=1]
  ignore line: [/Library/Developer/CommandLineTools/usr/bin/gcc   -Wl,-search_paths_first -Wl,-headerpad_max_install_names  -v -Wl,-v CMakeFiles/cmTC_f070e.dir/CMakeCCompilerABI.c.o  -o cmTC_f070e ]
  ignore line: [Apple LLVM version 10.0.0 (clang-1000.10.44.4)]
  ignore line: [Target: x86_64-apple-darwin17.7.0]
  ignore line: [Thread model: posix]
  ignore line: [InstalledDir: /Library/Developer/CommandLineTools/usr/bin]
  link line: [ "/Library/Developer/CommandLineTools/usr/bin/ld" -demangle -lto_library /Library/Developer/CommandLineTools/usr/lib/libLTO.dylib -dynamic -arch x86_64 -macosx_version_min 10.13.0 -o cmTC_f070e -search_paths_first -headerpad_max_install_names -v CMakeFiles/cmTC_f070e.dir/CMakeCCompilerABI.c.o -lSystem /Library/Developer/CommandLineTools/usr/lib/clang/10.0.0/lib/darwin/libclang_rt.osx.a]
    arg [/Library/Developer/CommandLineTools/usr/bin/ld] ==> ignore
    arg [-demangle] ==> ignore
    arg [-lto_library] ==> ignore, skip following value
    arg [/Library/Developer/CommandLineTools/usr/lib/libLTO.dylib] ==> skip value of -lto_library
    arg [-dynamic] ==> ignore
    arg [-arch] ==> ignore
    arg [x86_64] ==> ignore
    arg [-macosx_version_min] ==> ignore
    arg [10.13.0] ==> ignore
    arg [-o] ==> ignore
    arg [cmTC_f070e] ==> ignore
    arg [-search_paths_first] ==> ignore
    arg [-headerpad_max_install_names] ==> ignore
    arg [-v] ==> ignore
    arg [CMakeFiles/cmTC_f070e.dir/CMakeCCompilerABI.c.o] ==> ignore
    arg [-lSystem] ==> lib [System]
    arg [/Library/Developer/CommandLineTools/usr/lib/clang/10.0.0/lib/darwin/libclang_rt.osx.a] ==> lib [/Library/Developer/CommandLineTools/usr/lib/clang/10.0.0/lib/darwin/libclang_rt.osx.a]
  Library search paths: [;/usr/lib;/usr/local/lib]
  Framework search paths: [;/Library/Frameworks/;/System/Library/Frameworks/]
  remove lib [System]
  remove lib [/Library/Developer/CommandLineTools/usr/lib/clang/10.0.0/lib/darwin/libclang_rt.osx.a]
  collapse library dir [/usr/lib] ==> [/usr/lib]
  collapse library dir [/usr/local/lib] ==> [/usr/local/lib]
  collapse framework dir [/Library/Frameworks/] ==> [/Library/Frameworks]
  collapse framework dir [/System/Library/Frameworks/] ==> [/System/Library/Frameworks]
  implicit libs: []
  implicit dirs: [/usr/lib;/usr/local/lib]
  implicit fwks: [/Library/Frameworks;/System/Library/Frameworks]




Detecting C [-std=c11] compiler features compiled with the following output:
Change Dir: /Users/anaruhudson/CLionProjects/EtC-1/build/CMakeFiles/CMakeTmp

Run Build Command(s):/usr/bin/make cmTC_d58b5/fast 
/Library/Developer/CommandLineTools/usr/bin/make -f CMakeFiles/cmTC_d58b5.dir/build.make CMakeFiles/cmTC_d58b5.dir/build
Building C object CMakeFiles/cmTC_d58b5.dir/feature_tests.c.o
/Library/Developer/CommandLineTools/usr/bin/gcc   -std=c11 -o CMakeFiles/cmTC_d58b5.dir/feature_tests.c.o   -c /Users/anaruhudson/CLionProjects/EtC-1/build/CMakeFiles/feature_tests.c
Linking C executable cmTC_d58b5
/usr/local/Cellar/cmake/3.14.4/bin/cmake -E cmake_link_script CMakeFiles/cmTC_d58b5.dir/link.txt --verbose=1
/Library/Developer/CommandLineTools/usr/bin/gcc   -Wl,-search_paths_first -Wl,-headerpad_max_install_names   CMakeFiles/cmTC_d58b5.dir/feature_tests.c.o  -o cmTC_d58b5 


    Feature record: C_FEATURE:1c_function_prototypes
    Feature record: C_FEATURE:1c_restrict
    Feature record: C_FEATURE:1c_static_assert
    Feature record: C_FEATURE:1c_variadic_macros


Detecting C [-std=c99] compiler features compiled with the following output:
Change Dir: /Users/anaruhudson/CLionProjects/EtC-1/build/CMakeFiles/CMakeTmp

Run Build Command(s):/usr/bin/make cmTC_9f3fe/fast 
/Library/Developer/CommandLineTools/usr/bin/make -f CMakeFiles/cmTC_9f3fe.dir/build.make CMakeFiles/cmTC_9f3fe.dir/build
Building C object CMakeFiles/cmTC_9f3fe.dir/feature_tests.c.o
/Library/Developer/CommandLineTools/usr/bin/gcc   -std=c99 -o CMakeFiles/cmTC_9f3fe.dir/feature_tests.c.o   -c /Users/anaruhudson/CLionProjects/EtC-1/build/CMakeFiles/feature_tests.c
Linking C executable cmTC_9f3fe
/usr/local/Cellar/cmake/3.14.4/bin/cmake -E cmake_link_script CMakeFiles/cmTC_9f3fe.dir/link.txt --verbose=1
/Library/Developer/CommandLineTools/usr/bin/gcc   -Wl,-search_paths_first -Wl,-headerpad_max_install_names   CMakeFiles/cmTC_9f3fe.dir/feature_tests.c.o  -o cmTC_9f3fe 


    Feature record: C_FEATURE:1c_function_prototypes
    Feature record: C_FEATURE:1c_restrict
    Feature record: C_FEATURE:0c_static_assert
    Feature record: C_FEATURE:1c_variadic_macros


Detecting C [-std=c90] compiler features compiled with the following output:
Change Dir: /Users/anaruhudson/CLionProjects/EtC-1/build/CMakeFiles/CMakeTmp

Run Build Command(s):/usr/bin/make cmTC_d7b5e/fast 
/Library/Developer/CommandLineTools/usr/bin/make -f CMakeFiles/cmTC_d7b5e.dir/build.make CMakeFiles/cmTC_d7b5e.dir/build
Building C object CMakeFiles/cmTC_d7b5e.dir/feature_tests.c.o
/Library/Developer/CommandLineTools/usr/bin/gcc   -std=c90 -o CMakeFiles/cmTC_d7b5e.dir/feature_tests.c.o   -c /Users/anaruhudson/CLionProjects/EtC-1/build/CMakeFiles/feature_tests.c
Linking C executable cmTC_d7b5e
/usr/local/Cellar/cmake/3.14.4/bin/cmake -E cmake_link_script CMakeFiles/cmTC_d7b5e.dir/link.txt --verbose=1
/Library/Developer/CommandLineTools/usr/bin/gcc   -Wl,-search_paths_first -Wl,-headerpad_max_install_names   CMakeFiles/cmTC_d7b5e.dir/feature_tests.c.o  -o cmTC_d7b5e 


    Feature record: C_FEATURE:1c_function_prototypes
    Feature record: C_FEATURE:0c_restrict
    Feature record: C_FEATURE:0c_static_assert
    Feature record: C_FEATURE:0c_variadic_macros
